2026-04-09 14:35:35 [WARNING] metrics: Agent metrics already running (lock active). Exiting.
2026-04-09 14:35:35 [WARNING] metrics: Agent metrics already running (lock active). Exiting.
2026-04-09 14:35:41 [WARNING] metrics: Agent metrics already running (lock active). Exiting.
2026-04-09 14:35:41 [WARNING] metrics: Agent metrics already running (lock active). Exiting.
2026-04-09 14:35:46 [WARNING] metrics: Agent metrics already running (lock active). Exiting.
2026-04-09 14:35:46 [WARNING] metrics: Agent metrics already running (lock active). Exiting.
2026-04-09 14:35:51 [WARNING] metrics: Agent metrics already running (lock active). Exiting.
2026-04-09 14:35:51 [WARNING] metrics: Agent metrics already running (lock active). Exiting.
2026-04-09 14:35:56 [WARNING] metrics: Agent metrics already running (lock active). Exiting.
2026-04-09 14:35:56 [WARNING] metrics: Agent metrics already running (lock active). Exiting.
2026-04-09 14:36:01 [WARNING] metrics: Agent metrics already running (lock active). Exiting.
2026-04-09 14:36:01 [WARNING] metrics: Agent metrics already running (lock active). Exiting.
2026-04-09 14:36:06 [WARNING] metrics: Agent metrics already running (lock active). Exiting.
2026-04-09 14:36:06 [WARNING] metrics: Agent metrics already running (lock active). Exiting.
2026-04-09 14:36:11 [WARNING] metrics: Agent metrics already running (lock active). Exiting.
2026-04-09 14:36:11 [WARNING] metrics: Agent metrics already running (lock active). Exiting.
2026-04-09 14:36:16 [WARNING] metrics: Agent metrics already running (lock active). Exiting.
2026-04-09 14:36:16 [WARNING] metrics: Agent metrics already running (lock active). Exiting.
2026-04-09 14:36:21 [WARNING] metrics: Agent metrics already running (lock active). Exiting.
2026-04-09 14:36:21 [WARNING] metrics: Agent metrics already running (lock active). Exiting.
2026-04-09 14:36:27 [WARNING] metrics: Agent metrics already running (lock active). Exiting.
2026-04-09 14:36:27 [WARNING] metrics: Agent metrics already running (lock active). Exiting.
2026-04-09 14:36:32 [WARNING] metrics: Agent metrics already running (lock active). Exiting.
2026-04-09 14:36:32 [WARNING] metrics: Agent metrics already running (lock active). Exiting.
2026-04-09 14:36:37 [WARNING] metrics: Agent metrics already running (lock active). Exiting.
2026-04-09 14:36:37 [WARNING] metrics: Agent metrics already running (lock active). Exiting.
2026-04-09 14:36:42 [WARNING] metrics: Agent metrics already running (lock active). Exiting.
2026-04-09 14:36:42 [WARNING] metrics: Agent metrics already running (lock active). Exiting.
2026-04-09 14:36:47 [WARNING] metrics: Agent metrics already running (lock active). Exiting.
2026-04-09 14:36:47 [WARNING] metrics: Agent metrics already running (lock active). Exiting.
2026-04-09 14:36:52 [WARNING] metrics: Agent metrics already running (lock active). Exiting.
2026-04-09 14:36:52 [WARNING] metrics: Agent metrics already running (lock active). Exiting.
2026-04-09 14:36:57 [WARNING] metrics: Agent metrics already running (lock active). Exiting.
2026-04-09 14:36:57 [WARNING] metrics: Agent metrics already running (lock active). Exiting.
2026-04-09 14:37:03 [WARNING] metrics: Agent metrics already running (lock active). Exiting.
2026-04-09 14:37:03 [WARNING] metrics: Agent metrics already running (lock active). Exiting.
2026-04-09 14:37:08 [WARNING] metrics: Agent metrics already running (lock active). Exiting.
2026-04-09 14:37:08 [WARNING] metrics: Agent metrics already running (lock active). Exiting.
2026-04-09 14:37:13 [WARNING] metrics: Agent metrics already running (lock active). Exiting.
2026-04-09 14:37:13 [WARNING] metrics: Agent metrics already running (lock active). Exiting.
2026-04-09 14:37:18 [WARNING] metrics: Agent metrics already running (lock active). Exiting.
2026-04-09 14:37:18 [WARNING] metrics: Agent metrics already running (lock active). Exiting.
2026-04-09 14:37:23 [WARNING] metrics: Agent metrics already running (lock active). Exiting.
2026-04-09 14:37:23 [WARNING] metrics: Agent metrics already running (lock active). Exiting.
2026-04-09 14:37:28 [WARNING] metrics: Agent metrics already running (lock active). Exiting.
2026-04-09 14:37:28 [WARNING] metrics: Agent metrics already running (lock active). Exiting.
2026-04-09 14:37:33 [WARNING] metrics: Agent metrics already running (lock active). Exiting.
2026-04-09 14:37:33 [WARNING] metrics: Agent metrics already running (lock active). Exiting.
2026-04-09 14:37:38 [WARNING] metrics: Agent metrics already running (lock active). Exiting.
2026-04-09 14:37:38 [WARNING] metrics: Agent metrics already running (lock active). Exiting.
2026-04-09 14:37:43 [WARNING] metrics: Agent metrics already running (lock active). Exiting.
2026-04-09 14:37:43 [WARNING] metrics: Agent metrics already running (lock active). Exiting.
2026-04-09 14:37:49 [WARNING] metrics: Agent metrics already running (lock active). Exiting.
2026-04-09 14:37:49 [WARNING] metrics: Agent metrics already running (lock active). Exiting.
2026-04-09 14:37:54 [WARNING] metrics: Agent metrics already running (lock active). Exiting.
2026-04-09 14:37:54 [WARNING] metrics: Agent metrics already running (lock active). Exiting.
2026-04-09 14:37:59 [WARNING] metrics: Agent metrics already running (lock active). Exiting.
2026-04-09 14:37:59 [WARNING] metrics: Agent metrics already running (lock active). Exiting.
2026-04-09 14:38:04 [WARNING] metrics: Agent metrics already running (lock active). Exiting.
2026-04-09 14:38:04 [WARNING] metrics: Agent metrics already running (lock active). Exiting.
2026-04-09 14:38:09 [WARNING] metrics: Agent metrics already running (lock active). Exiting.
2026-04-09 14:38:09 [WARNING] metrics: Agent metrics already running (lock active). Exiting.
2026-04-09 14:38:14 [WARNING] metrics: Agent metrics already running (lock active). Exiting.
2026-04-09 14:38:14 [WARNING] metrics: Agent metrics already running (lock active). Exiting.
2026-04-09 14:38:19 [WARNING] metrics: Agent metrics already running (lock active). Exiting.
2026-04-09 14:38:19 [WARNING] metrics: Agent metrics already running (lock active). Exiting.
2026-04-09 14:38:24 [WARNING] metrics: Agent metrics already running (lock active). Exiting.
2026-04-09 14:38:24 [WARNING] metrics: Agent metrics already running (lock active). Exiting.
2026-04-09 14:38:30 [WARNING] metrics: Agent metrics already running (lock active). Exiting.
2026-04-09 14:38:30 [WARNING] metrics: Agent metrics already running (lock active). Exiting.
2026-04-09 14:38:35 [WARNING] metrics: Agent metrics already running (lock active). Exiting.
2026-04-09 14:38:35 [WARNING] metrics: Agent metrics already running (lock active). Exiting.
2026-04-09 14:38:40 [WARNING] metrics: Agent metrics already running (lock active). Exiting.
2026-04-09 14:38:40 [WARNING] metrics: Agent metrics already running (lock active). Exiting.
2026-04-09 14:38:45 [WARNING] metrics: Agent metrics already running (lock active). Exiting.
2026-04-09 14:38:45 [WARNING] metrics: Agent metrics already running (lock active). Exiting.
2026-04-09 14:38:50 [WARNING] metrics: Agent metrics already running (lock active). Exiting.
2026-04-09 14:38:50 [WARNING] metrics: Agent metrics already running (lock active). Exiting.
2026-04-09 14:38:55 [WARNING] metrics: Agent metrics already running (lock active). Exiting.
2026-04-09 14:38:55 [WARNING] metrics: Agent metrics already running (lock active). Exiting.
2026-04-09 14:39:00 [WARNING] metrics: Agent metrics already running (lock active). Exiting.
2026-04-09 14:39:00 [WARNING] metrics: Agent metrics already running (lock active). Exiting.
2026-04-09 14:39:05 [WARNING] metrics: Agent metrics already running (lock active). Exiting.
2026-04-09 14:39:05 [WARNING] metrics: Agent metrics already running (lock active). Exiting.
2026-04-09 14:39:10 [WARNING] metrics: Agent metrics already running (lock active). Exiting.
2026-04-09 14:39:10 [WARNING] metrics: Agent metrics already running (lock active). Exiting.
2026-04-09 14:39:16 [WARNING] metrics: Agent metrics already running (lock active). Exiting.
2026-04-09 14:39:16 [WARNING] metrics: Agent metrics already running (lock active). Exiting.
2026-04-09 14:39:21 [WARNING] metrics: Agent metrics already running (lock active). Exiting.
2026-04-09 14:39:21 [WARNING] metrics: Agent metrics already running (lock active). Exiting.
2026-04-09 14:39:26 [WARNING] metrics: Agent metrics already running (lock active). Exiting.
2026-04-09 14:39:26 [WARNING] metrics: Agent metrics already running (lock active). Exiting.
2026-04-09 14:39:31 [WARNING] metrics: Agent metrics already running (lock active). Exiting.
2026-04-09 14:39:31 [WARNING] metrics: Agent metrics already running (lock active). Exiting.
2026-04-09 14:39:36 [WARNING] metrics: Agent metrics already running (lock active). Exiting.
2026-04-09 14:39:36 [WARNING] metrics: Agent metrics already running (lock active). Exiting.
2026-04-09 14:39:41 [WARNING] metrics: Agent metrics already running (lock active). Exiting.
2026-04-09 14:39:41 [WARNING] metrics: Agent metrics already running (lock active). Exiting.
2026-04-09 14:39:46 [WARNING] metrics: Agent metrics already running (lock active). Exiting.
2026-04-09 14:39:46 [WARNING] metrics: Agent metrics already running (lock active). Exiting.
2026-04-09 14:39:51 [WARNING] metrics: Agent metrics already running (lock active). Exiting.
2026-04-09 14:39:51 [WARNING] metrics: Agent metrics already running (lock active). Exiting.
2026-04-09 14:39:56 [WARNING] metrics: Agent metrics already running (lock active). Exiting.
2026-04-09 14:39:56 [WARNING] metrics: Agent metrics already running (lock active). Exiting.
2026-04-09 14:40:02 [WARNING] metrics: Agent metrics already running (lock active). Exiting.
2026-04-09 14:40:02 [WARNING] metrics: Agent metrics already running (lock active). Exiting.
2026-04-09 14:40:07 [WARNING] metrics: Agent metrics already running (lock active). Exiting.
2026-04-09 14:40:07 [WARNING] metrics: Agent metrics already running (lock active). Exiting.
2026-04-09 14:40:12 [WARNING] metrics: Agent metrics already running (lock active). Exiting.
2026-04-09 14:40:12 [WARNING] metrics: Agent metrics already running (lock active). Exiting.
2026-04-09 14:40:17 [WARNING] metrics: Agent metrics already running (lock active). Exiting.
2026-04-09 14:40:17 [WARNING] metrics: Agent metrics already running (lock active). Exiting.
2026-04-09 14:40:22 [WARNING] metrics: Agent metrics already running (lock active). Exiting.
2026-04-09 14:40:22 [WARNING] metrics: Agent metrics already running (lock active). Exiting.
2026-04-09 14:40:27 [WARNING] metrics: Agent metrics already running (lock active). Exiting.
2026-04-09 14:40:27 [WARNING] metrics: Agent metrics already running (lock active). Exiting.
2026-04-09 14:40:32 [WARNING] metrics: Agent metrics already running (lock active). Exiting.
2026-04-09 14:40:32 [WARNING] metrics: Agent metrics already running (lock active). Exiting.
2026-04-09 14:40:37 [WARNING] metrics: Agent metrics already running (lock active). Exiting.
2026-04-09 14:40:37 [WARNING] metrics: Agent metrics already running (lock active). Exiting.
2026-04-09 14:40:43 [WARNING] metrics: Agent metrics already running (lock active). Exiting.
2026-04-09 14:40:43 [WARNING] metrics: Agent metrics already running (lock active). Exiting.
2026-04-09 14:40:48 [WARNING] metrics: Agent metrics already running (lock active). Exiting.
2026-04-09 14:40:48 [WARNING] metrics: Agent metrics already running (lock active). Exiting.
2026-04-09 14:40:53 [WARNING] metrics: Agent metrics already running (lock active). Exiting.
2026-04-09 14:40:53 [WARNING] metrics: Agent metrics already running (lock active). Exiting.
2026-04-09 14:40:58 [WARNING] metrics: Agent metrics already running (lock active). Exiting.
2026-04-09 14:40:58 [WARNING] metrics: Agent metrics already running (lock active). Exiting.
2026-04-09 14:41:03 [WARNING] metrics: Agent metrics already running (lock active). Exiting.
2026-04-09 14:41:03 [WARNING] metrics: Agent metrics already running (lock active). Exiting.
2026-04-09 14:41:08 [WARNING] metrics: Agent metrics already running (lock active). Exiting.
2026-04-09 14:41:08 [WARNING] metrics: Agent metrics already running (lock active). Exiting.
2026-04-09 14:41:13 [WARNING] metrics: Agent metrics already running (lock active). Exiting.
2026-04-09 14:41:13 [WARNING] metrics: Agent metrics already running (lock active). Exiting.
2026-04-09 14:41:18 [WARNING] metrics: Agent metrics already running (lock active). Exiting.
2026-04-09 14:41:18 [WARNING] metrics: Agent metrics already running (lock active). Exiting.
2026-04-09 14:41:23 [WARNING] metrics: Agent metrics already running (lock active). Exiting.
2026-04-09 14:41:23 [WARNING] metrics: Agent metrics already running (lock active). Exiting.
2026-04-09 14:41:29 [WARNING] metrics: Agent metrics already running (lock active). Exiting.
2026-04-09 14:41:29 [WARNING] metrics: Agent metrics already running (lock active). Exiting.
2026-04-09 14:41:34 [WARNING] metrics: Agent metrics already running (lock active). Exiting.
2026-04-09 14:41:34 [WARNING] metrics: Agent metrics already running (lock active). Exiting.
2026-04-09 14:41:39 [WARNING] metrics: Agent metrics already running (lock active). Exiting.
2026-04-09 14:41:39 [WARNING] metrics: Agent metrics already running (lock active). Exiting.
2026-04-09 14:41:44 [WARNING] metrics: Agent metrics already running (lock active). Exiting.
2026-04-09 14:41:44 [WARNING] metrics: Agent metrics already running (lock active). Exiting.
2026-04-09 14:41:49 [WARNING] metrics: Agent metrics already running (lock active). Exiting.
2026-04-09 14:41:49 [WARNING] metrics: Agent metrics already running (lock active). Exiting.
2026-04-09 14:41:54 [WARNING] metrics: Agent metrics already running (lock active). Exiting.
2026-04-09 14:41:54 [WARNING] metrics: Agent metrics already running (lock active). Exiting.
2026-04-09 14:41:59 [WARNING] metrics: Agent metrics already running (lock active). Exiting.
2026-04-09 14:41:59 [WARNING] metrics: Agent metrics already running (lock active). Exiting.
2026-04-09 14:42:04 [WARNING] metrics: Agent metrics already running (lock active). Exiting.
2026-04-09 14:42:04 [WARNING] metrics: Agent metrics already running (lock active). Exiting.
2026-04-09 14:54:32 [WARNING] metrics: Agent metrics already running (lock active). Exiting.
2026-04-09 14:54:32 [WARNING] metrics: Agent metrics already running (lock active). Exiting.
2026-04-09 14:54:37 [WARNING] metrics: Agent metrics already running (lock active). Exiting.
2026-04-09 14:54:37 [WARNING] metrics: Agent metrics already running (lock active). Exiting.
2026-04-10 00:47:32 [INFO] metrics: --- Starting metrics ---
2026-04-10 00:47:34 [INFO] metrics: Captured metrics and history.
2026-04-10 00:47:34 [INFO] metrics: --- Finished metrics Successfully ---
2026-04-10 00:47:40 [INFO] metrics: --- Starting metrics ---
2026-04-10 00:47:41 [INFO] metrics: Captured metrics and history.
2026-04-10 00:47:41 [INFO] metrics: --- Finished metrics Successfully ---
2026-04-10 00:47:46 [INFO] metrics: --- Starting metrics ---
2026-04-10 00:47:47 [INFO] metrics: Captured metrics and history.
2026-04-10 00:47:47 [INFO] metrics: --- Finished metrics Successfully ---
2026-04-10 00:47:52 [INFO] metrics: --- Starting metrics ---
2026-04-10 00:47:53 [INFO] metrics: Captured metrics and history.
2026-04-10 00:47:54 [INFO] metrics: --- Finished metrics Successfully ---
2026-04-10 00:48:01 [INFO] metrics: --- Starting metrics ---
2026-04-10 00:48:03 [INFO] metrics: Captured metrics and history.
2026-04-10 00:48:04 [INFO] metrics: --- Finished metrics Successfully ---
2026-04-10 00:48:09 [INFO] metrics: --- Starting metrics ---
2026-04-10 00:48:10 [INFO] metrics: Captured metrics and history.
2026-04-10 00:48:10 [INFO] metrics: --- Finished metrics Successfully ---
2026-04-10 00:48:16 [INFO] metrics: --- Starting metrics ---
2026-04-10 00:48:18 [INFO] metrics: Captured metrics and history.
2026-04-10 00:48:18 [INFO] metrics: --- Finished metrics Successfully ---
2026-04-10 00:48:24 [INFO] metrics: --- Starting metrics ---
2026-04-10 00:48:27 [INFO] metrics: Captured metrics and history.
2026-04-10 00:48:27 [INFO] metrics: --- Finished metrics Successfully ---
2026-04-10 01:09:35 [INFO] metrics: --- Agent metrics Persistent Loop Started ---
2026-04-10 01:09:37 [INFO] metrics: Captured metrics and history.
2026-04-10 01:09:48 [INFO] metrics: Captured metrics and history.
2026-04-10 01:10:01 [INFO] metrics: Captured metrics and history.
2026-04-10 01:10:11 [INFO] metrics: Captured metrics and history.
2026-04-10 01:10:22 [INFO] metrics: Captured metrics and history.
2026-04-10 01:10:32 [INFO] metrics: Captured metrics and history.
2026-04-10 01:10:42 [INFO] metrics: Captured metrics and history.
2026-04-10 01:10:52 [INFO] metrics: Captured metrics and history.
2026-04-10 01:11:03 [INFO] metrics: Captured metrics and history.
2026-04-10 01:11:13 [INFO] metrics: Captured metrics and history.
2026-04-10 01:11:24 [INFO] metrics: Captured metrics and history.
2026-04-10 01:11:35 [INFO] metrics: Captured metrics and history.
2026-04-10 01:11:47 [INFO] metrics: Captured metrics and history.
2026-04-10 01:11:58 [INFO] metrics: Captured metrics and history.
2026-04-10 01:12:31 [INFO] metrics: Captured metrics and history.
2026-04-10 01:12:44 [INFO] metrics: Captured metrics and history.
2026-04-10 01:12:56 [INFO] metrics: Captured metrics and history.
2026-04-10 01:13:08 [INFO] metrics: Captured metrics and history.
2026-04-10 01:13:20 [INFO] metrics: Captured metrics and history.
2026-04-10 01:13:32 [INFO] metrics: Captured metrics and history.
2026-04-10 01:13:43 [INFO] metrics: Captured metrics and history.
2026-04-10 01:13:57 [INFO] metrics: Captured metrics and history.
2026-04-10 01:14:11 [INFO] metrics: Captured metrics and history.
2026-04-10 01:14:22 [INFO] metrics: Captured metrics and history.
2026-04-10 01:14:43 [INFO] metrics: --- Agent metrics Persistent Loop Started ---
2026-04-10 01:14:44 [INFO] metrics: Captured metrics and history.
2026-04-10 01:14:55 [INFO] guards: Received signal 2. Requesting graceful shutdown...
2026-04-10 01:19:44 [INFO] metrics: --- Agent metrics Persistent Loop Started ---
2026-04-10 01:19:57 [INFO] metrics: Captured metrics and history.
2026-04-10 01:21:10 [INFO] metrics: Captured metrics and history.
2026-04-10 01:21:22 [INFO] metrics: Captured metrics and history.
2026-04-10 01:21:45 [INFO] metrics: Captured metrics and history.
2026-04-10 01:21:58 [INFO] metrics: Captured metrics and history.
2026-04-10 01:22:21 [INFO] metrics: Captured metrics and history.
2026-04-10 01:22:43 [INFO] metrics: Captured metrics and history.
2026-04-10 01:23:06 [INFO] metrics: Captured metrics and history.
2026-04-10 01:23:20 [INFO] metrics: Captured metrics and history.
2026-04-10 01:23:33 [INFO] metrics: Captured metrics and history.
